Using pre-set license
Built from '2020.3/staging' branch; Version is '2020.3.0f1 (c7b5465681fb) revision 13088070'; Using compiler version '192528614'; Build Type 'Release'
OS: 'Windows 10 Pro; OS build 19042.867; Version 2009; 64bit' Language: 'fr' Physical Memory: 24489 MB
BatchMode: 1, IsHumanControllingUs: 0, StartBugReporterOnCrash: 0, Is64bit: 1, IsPro: 0

 COMMAND LINE ARGUMENTS:
D:\Program Files\Unity\Hub\Editor\2020.3.0f1\Editor\Unity.exe
-adb2
-batchMode
-noUpm
-name
AssetImportWorker1
-projectPath
D:/Users/Raf/Documents/Github/TopDownShooterBulletHell/BobShooter
-logFile
Logs/AssetImportWorker1.log
-srvPort
62618
Successfully changed project path to: D:/Users/Raf/Documents/Github/TopDownShooterBulletHell/BobShooter
D:/Users/Raf/Documents/Github/TopDownShooterBulletHell/BobShooter
Using Asset Import Pipeline V2.
Refreshing native plugins compatible for Editor in 26.08 ms, found 1 plugins.
Preloading 0 native plugins for Editor in 0.00 ms.
Initialize engine version: 2020.3.0f1 (c7b5465681fb)
[Subsystems] Discovering subsystems at path D:/Program Files/Unity/Hub/Editor/2020.3.0f1/Editor/Data/Resources/UnitySubsystems
[Subsystems] Discovering subsystems at path D:/Users/Raf/Documents/Github/TopDownShooterBulletHell/BobShooter/Assets
GfxDevice: creating device client; threaded=0
Direct3D:
    Version:  Direct3D 11.0 [level 11.1]
    Renderer: NVIDIA GeForce GTX 1060 6GB (ID=0x1c03)
    Vendor:   
    VRAM:     6052 MB
    Driver:   27.21.14.6192
Initialize mono
Mono path[0] = 'D:/Program Files/Unity/Hub/Editor/2020.3.0f1/Editor/Data/Managed'
Mono path[1] = 'D:/Program Files/Unity/Hub/Editor/2020.3.0f1/Editor/Data/MonoBleedingEdge/lib/mono/unityjit'
Mono config path = 'D:/Program Files/Unity/Hub/Editor/2020.3.0f1/Editor/Data/MonoBleedingEdge/etc'
Using monoOptions --debugger-agent=transport=dt_socket,embedding=1,server=y,suspend=n,address=127.0.0.1:56896
Begin MonoManager ReloadAssembly
Registering precompiled unity dll's ...
Register platform support module: D:/Program Files/Unity/Hub/Editor/2020.3.0f1/Editor/Data/PlaybackEngines/WindowsStandaloneSupport/UnityEditor.WindowsStandalone.Extensions.dll
Registered in 0.000790 seconds.
Native extension for WindowsStandalone target not found
Refreshing native plugins compatible for Editor in 27.20 ms, found 1 plugins.
Preloading 0 native plugins for Editor in 0.00 ms.
Invoked RoslynAnalysisRunner static constructor.
RoslynAnalysisRunner will not be running.
RoslynAnalysisRunner has terminated.
Mono: successfully reloaded assembly
- Completed reload, in  2.002 seconds
Platform modules already initialized, skipping
Registering precompiled user dll's ...
Registered in 0.000493 seconds.
Begin MonoManager ReloadAssembly
Native extension for WindowsStandalone target not found
Refreshing native plugins compatible for Editor in 28.26 ms, found 1 plugins.
Preloading 0 native plugins for Editor in 0.00 ms.
Invoked RoslynAnalysisRunner static constructor.
RoslynAnalysisRunner will not be running.
RoslynAnalysisRunner has terminated.
Mono: successfully reloaded assembly
- Completed reload, in  0.684 seconds
Platform modules already initialized, skipping
========================================================================
Worker process is ready to serve import requests
Launched and connected shader compiler UnityShaderCompiler.exe after 0.03 seconds
Refreshing native plugins compatible for Editor in 0.33 ms, found 1 plugins.
Preloading 0 native plugins for Editor in 0.00 ms.
Unloading 1820 Unused Serialized files (Serialized files now loaded: 0)
System memory in use before: 85.0 MB.
System memory in use after: 84.9 MB.

Unloading 24 unused Assets to reduce memory usage. Loaded Objects now: 2263.
Total: 1.665900 ms (FindLiveObjects: 0.207800 ms CreateObjectMapping: 0.079400 ms MarkObjects: 1.279600 ms  DeleteObjects: 0.097900 ms)

========================================================================
Received Import Request.
  path: Assets/Prefab/FarmerHaut.prefab
  artifactKey: Guid(e7771edb8ce3fe84d8bca82cb5234303) Importer(815301076,1909f56bfc062723c751e8b465ee728b)
Start importing Assets/Prefab/FarmerHaut.prefab using Guid(e7771edb8ce3fe84d8bca82cb5234303) Importer(815301076,1909f56bfc062723c751e8b465ee728b)  -> (artifact id: '0bec95b598a0b106caea84bbae9acd8f') in 0.070538 seconds
  Import took 0.073223 seconds .

========================================================================
Received Import Request.
  Time since last request: 0.000111 seconds.
  path: Assets/Prefab/FarmerVertical.prefab
  artifactKey: Guid(0a85dad7faa8f3e4da05e3eefc928f30) Importer(815301076,1909f56bfc062723c751e8b465ee728b)
Start importing Assets/Prefab/FarmerVertical.prefab using Guid(0a85dad7faa8f3e4da05e3eefc928f30) Importer(815301076,1909f56bfc062723c751e8b465ee728b)  -> (artifact id: 'ec9f08cadd3d434d9963f631d99f7021') in 0.006544 seconds
  Import took 0.008843 seconds .

========================================================================
Received Import Request.
  Time since last request: 44.516994 seconds.
  path: Assets/Prefab/FarmerHaut.prefab
  artifactKey: Guid(e7771edb8ce3fe84d8bca82cb5234303) Importer(815301076,1909f56bfc062723c751e8b465ee728b)
Start importing Assets/Prefab/FarmerHaut.prefab using Guid(e7771edb8ce3fe84d8bca82cb5234303) Importer(815301076,1909f56bfc062723c751e8b465ee728b)  -> (artifact id: '780b6b38849389d056c5476cda93ba6a') in 0.006682 seconds
  Import took 0.009534 seconds .

========================================================================
Received Import Request.
  Time since last request: 0.006796 seconds.
  path: Assets/Prefab/FarmerHaut.prefab
  artifactKey: Guid(e7771edb8ce3fe84d8bca82cb5234303) Importer(815301076,1909f56bfc062723c751e8b465ee728b)
Start importing Assets/Prefab/FarmerHaut.prefab using Guid(e7771edb8ce3fe84d8bca82cb5234303) Importer(815301076,1909f56bfc062723c751e8b465ee728b)  -> (artifact id: '780b6b38849389d056c5476cda93ba6a') in 0.006679 seconds
  Import took 0.009306 seconds .

========================================================================
Received Prepare
Registering precompiled user dll's ...
Registered in 0.000520 seconds.
Begin MonoManager ReloadAssembly
Native extension for WindowsStandalone target not found
Refreshing native plugins compatible for Editor in 0.36 ms, found 1 plugins.
Preloading 0 native plugins for Editor in 0.00 ms.
Invoked RoslynAnalysisRunner static constructor.
RoslynAnalysisRunner will not be running.
RoslynAnalysisRunner has terminated.
Mono: successfully reloaded assembly
- Completed reload, in  0.618 seconds
Platform modules already initialized, skipping
Refreshing native plugins compatible for Editor in 0.33 ms, found 1 plugins.
Preloading 0 native plugins for Editor in 0.00 ms.
Unloading 1815 Unused Serialized files (Serialized files now loaded: 0)
System memory in use before: 88.0 MB.
System memory in use after: 88.0 MB.

Unloading 12 unused Assets to reduce memory usage. Loaded Objects now: 2274.
Total: 1.586900 ms (FindLiveObjects: 0.204700 ms CreateObjectMapping: 0.074400 ms MarkObjects: 1.225900 ms  DeleteObjects: 0.080900 ms)

========================================================================
Received Prepare
Registering precompiled user dll's ...
Registered in 0.000566 seconds.
Begin MonoManager ReloadAssembly
Native extension for WindowsStandalone target not found
Refreshing native plugins compatible for Editor in 0.31 ms, found 1 plugins.
Preloading 0 native plugins for Editor in 0.00 ms.
Invoked RoslynAnalysisRunner static constructor.
RoslynAnalysisRunner will not be running.
RoslynAnalysisRunner has terminated.
Mono: successfully reloaded assembly
- Completed reload, in  0.617 seconds
Platform modules already initialized, skipping
Refreshing native plugins compatible for Editor in 0.34 ms, found 1 plugins.
Preloading 0 native plugins for Editor in 0.00 ms.
Unloading 1815 Unused Serialized files (Serialized files now loaded: 0)
System memory in use before: 88.1 MB.
System memory in use after: 88.1 MB.

Unloading 12 unused Assets to reduce memory usage. Loaded Objects now: 2278.
Total: 1.692000 ms (FindLiveObjects: 0.218300 ms CreateObjectMapping: 0.075300 ms MarkObjects: 1.314100 ms  DeleteObjects: 0.083400 ms)

